<?xml version="1.0" encoding="UTF-8"?>
<!-- Generated by org.testng.reporters.JUnitReportReporter -->
<testsuite hostname="Evolve-VM-16" failures="0" tests="2" name="Hexaware.tests.SubmitOrderTest" time="14.036" errors="0" timestamp="2022-11-14T12:18:33 CST" skipped="0">
  <testcase classname="Hexaware.tests.SubmitOrderTest" name="SubmitOrder" time="8.756"/>
  <system-out/>
  <testcase classname="Hexaware.tests.SubmitOrderTest" name="SubmitOrder" time="5.280"/>
  <system-out/>
</testsuite> <!-- Hexaware.tests.SubmitOrderTest -->
